<?xml version="1.0" encoding="utf-8"?><testsuites name="pytest tests"><testsuite name="pytest" errors="0" failures="0" skipped="0" tests="366" time="60.291" timestamp="2026-07-18T16:47:33.371759-05:00" hostname="ThompsonLaptop"><testcase classname="tests.test_account_status" name="test_get_account_report_reads_paper_data_with_mock_client" time="0.001" /><testcase classname="tests.test_account_status" name="test_get_account_report_handles_errors_safely" time="0.001" /><testcase classname="tests.test_account_status" name="test_main_prints_only_expected_fields" time="0.001" /><testcase classname="tests.test_alpaca_client" name="test_alpaca_client_fails_safely_when_credentials_missing" time="0.001" /><testcase classname="tests.test_alpaca_client" name="test_alpaca_client_blocks_live_mode" time="0.001" /><testcase classname="tests.test_alpaca_client" name="test_alpaca_client_read_only_methods" time="0.000" /><testcase classname="tests.test_alpaca_client" name="test_alpaca_client_submit_order_is_disabled" time="0.001" /><testcase classname="tests.test_backtest_multi_factor" name="test_backtest_multi_factor_uses_only_prior_history" time="0.014" /><testcase classname="tests.test_backtest_multi_factor" name="test_backtest_legacy_strategy_still_works" time="0.007" /><testcase classname="tests.test_backtest_multi_factor" name="test_compare_strategy_modes_returns_legacy_multi_factor_and_buy_hold" time="0.018" /><testcase classname="tests.test_config" name="test_safe_mode_allows_simulation" time="0.000" /><testcase classname="tests.test_config" name="test_safe_mode_blocks_live" time="0.000" /><testcase classname="tests.test_config" name="test_config_handles_missing_alpaca_credentials_safely" time="0.001" /><testcase classname="tests.test_daily_research_runner" name="test_successful_run_status_completed" time="0.000" /><testcase classname="tests.test_daily_research_runner" name="test_no_candidates_status" time="0.000" /><testcase classname="tests.test_daily_research_runner" name="test_approval_denied_status" time="0.000" /><testcase classname="tests.test_daily_research_runner" name="test_risk_rejected_status" time="0.000" /><testcase classname="tests.test_daily_research_runner" name="test_reconciliation_failure_status" time="0.000" /><testcase classname="tests.test_daily_research_runner" name="test_dashboard_update_status" time="0.000" /><testcase classname="tests.test_daily_research_runner" name="test_daily_workflow_calls_both_stages" time="0.001" /><testcase classname="tests.test_daily_run_repository" name="test_daily_run_repository_persistence" time="0.282" /><testcase classname="tests.test_dashboard" name="test_read_recent_logs_returns_list" time="0.008" /><testcase classname="tests.test_dashboard" name="test_render_dashboard_runs_without_error" time="0.487" /><testcase classname="tests.test_dashboard_app" name="test_password_protection_helper" time="0.000" /><testcase classname="tests.test_dashboard_app" name="test_paper_only_enforcement_blocks_live" time="0.000" /><testcase classname="tests.test_dashboard_app" name="test_dashboard_code_has_no_write_capability" time="0.016" /><testcase classname="tests.test_dashboard_app" name="test_dashboard_allows_empty_database_reads" time="0.268" /><testcase classname="tests.test_dashboard_app" name="test_bot_health_state_labels" time="0.001" /><testcase classname="tests.test_dashboard_app" name="test_market_closed_and_signal_state_labels" time="0.000" /><testcase classname="tests.test_dashboard_app" name="test_currency_formatting" time="0.000" /><testcase classname="tests.test_dashboard_app" name="test_market_waiting_message_for_missing_values" time="0.000" /><testcase classname="tests.test_dashboard_app" name="test_empty_state_messages" time="0.000" /><testcase classname="tests.test_dashboard_app" name="test_format_percent_and_mobile_layout_helpers" time="0.000" /><testcase classname="tests.test_dashboard_app" name="test_market_clock_open_and_closed_states" time="0.000" /><testcase classname="tests.test_dashboard_app" name="test_signal_strength_meter_boundaries" time="0.000" /><testcase classname="tests.test_dashboard_app" name="test_render_dashboard_executes_all_sections_with_populated_data" time="0.002" /><testcase classname="tests.test_dashboard_app" name="test_refresh_calls_cache_clear_and_rerun_without_trading_actions" time="0.002" /><testcase classname="tests.test_dashboard_app" name="test_authenticated_state_hides_password_input" time="0.000" /><testcase classname="tests.test_dashboard_app" name="test_successful_authentication_clears_password_and_reruns" time="0.000" /><testcase classname="tests.test_dashboard_app" name="test_hold_and_market_closed_are_neutral_in_status_bar" time="0.000" /><testcase classname="tests.test_dashboard_app" name="test_notification_builder_and_empty_positions_state" time="0.000" /><testcase classname="tests.test_dashboard_app" name="test_disconnected_database_payload_is_safe" time="0.004" /><testcase classname="tests.test_dashboard_app" name="test_initialize_session_state_preserves_existing_values" time="0.000" /><testcase classname="tests.test_dashboard_app" name="test_refresh_button_sets_force_refresh_without_page_reset" time="0.001" /><testcase classname="tests.test_dashboard_app" name="test_timeframe_uses_persisted_session_state" time="0.001" /><testcase classname="tests.test_dashboard_app" name="test_alert_acknowledgement_is_session_local" time="0.001" /><testcase classname="tests.test_dashboard_app" name="test_research_downloads_disable_when_no_rows" time="0.001" /><testcase classname="tests.test_dashboard_app" name="test_research_page_renders_evaluation_payload" time="0.001" /><testcase classname="tests.test_dashboard_app" name="test_factor_attribution_page_renders_payload" time="0.001" /><testcase classname="tests.test_dashboard_app" name="test_walk_forward_validation_page_renders_payload" time="0.001" /><testcase classname="tests.test_dashboard_app" name="test_portfolio_research_page_renders_payload" time="0.001" /><testcase classname="tests.test_dashboard_app" name="test_strategy_laboratory_page_renders_payload" time="0.001" /><testcase classname="tests.test_dashboard_app" name="test_paper_validation_page_renders_payload" time="0.001" /><testcase classname="tests.test_dashboard_app" name="test_dashboard_app_has_no_use_container_width_calls" time="0.001" /><testcase classname="tests.test_dashboard_data_rendering" name="test_dashboard_queries_work_with_sample_sanitized_records" time="0.294" /><testcase classname="tests.test_dashboard_data_rendering" name="test_dashboard_view_model_handles_warning_error_and_market_closed_states" time="0.000" /><testcase classname="tests.test_dashboard_data_rendering" name="test_positive_and_negative_pl_formatting" time="0.000" /><testcase classname="tests.test_data_validation" name="test_validate_price_data_accepts_clean_data" time="0.002" /><testcase classname="tests.test_data_validation" name="test_validate_price_data_rejects_empty_data" time="0.001" /><testcase classname="tests.test_discord_notifier" name="test_duplicate_event_is_sent_once" time="0.002" /><testcase classname="tests.test_discord_notifier" name="test_notification_failure_is_safe_and_non_raising" time="0.001" /><testcase classname="tests.test_discord_notifier" name="test_secrets_and_full_ids_are_sanitized" time="0.002" /><testcase classname="tests.test_discord_notifier" name="test_final_status_only_alerts_for_relevant_statuses" time="0.002" /><testcase classname="tests.test_error_handler" name="test_error_handler_logs_and_returns_recovery_message" time="0.000" /><testcase classname="tests.test_error_handler" name="test_error_handler_safe_shutdown_invokes_hook" time="0.001" /><testcase classname="tests.test_error_handler" name="test_download_price_data_raises_market_data_error_for_empty_payload" time="0.001" /><testcase classname="tests.test_error_handler" name="test_generate_signal_raises_calculation_error_for_short_series" time="0.001" /><testcase classname="tests.test_error_handler" name="test_main_run_analysis_returns_error_summary_for_market_data_failure" time="0.001" /><testcase classname="tests.test_evaluation_data" name="test_empty_database_behavior_returns_zero_metrics" time="0.336" /><testcase classname="tests.test_evaluation_data" name="test_build_evaluation_analytics_calculates_groups_and_correlations" time="0.035" /><testcase classname="tests.test_evaluation_data" name="test_correlations_return_none_for_insufficient_sample_and_zero_variance" time="0.013" /><testcase classname="tests.test_evaluation_repository" name="test_repository_inserts_updates_and_reads_evaluation_data" time="0.396" /><testcase classname="tests.test_evaluation_repository" name="test_repository_rollback_prevents_partial_persistence" time="0.357" /><testcase classname="tests.test_evaluation_repository" name="test_research_evaluation_migration_indexes_exist" time="0.407" /><testcase classname="tests.test_experiment_runner" name="test_experiment_runner_returns_ranked_results" time="0.399" /><testcase classname="tests.test_factor_attribution" name="test_build_factor_attribution_analytics_returns_exact_core_statistics" time="0.039" /><testcase classname="tests.test_factor_attribution" name="test_factor_attribution_detects_diminishing_returns_and_combinations" time="0.045" /><testcase classname="tests.test_factor_attribution" name="test_empty_factor_attribution_dashboard_payload_returns_safe_defaults" time="0.420" /><testcase classname="tests.test_factor_bucket_analysis" name="test_deterministic_bucket_assignments" time="0.002" /><testcase classname="tests.test_factor_bucket_analysis" name="test_top_minus_bottom_spread_and_monotonicity" time="0.002" /><testcase classname="tests.test_factor_bucket_analysis" name="test_small_sample_fallback" time="0.001" /><testcase classname="tests.test_factor_engine" name="test_trend_factor_scores_strong_bullish_alignment" time="0.004" /><testcase classname="tests.test_factor_engine" name="test_trend_factor_handles_insufficient_history" time="0.007" /><testcase classname="tests.test_factor_engine" name="test_momentum_factor_penalizes_overextended_rsi" time="0.015" /><testcase classname="tests.test_factor_engine" name="test_volume_factor_returns_unavailable_without_volume" time="0.002" /><testcase classname="tests.test_factor_engine" name="test_volume_factor_rewards_confirmed_breakout_volume" time="0.004" /><testcase classname="tests.test_factor_engine" name="test_volatility_factor_penalizes_extreme_volatility" time="0.013" /><testcase classname="tests.test_factor_engine" name="test_volatility_factor_penalizes_near_zero_movement" time="0.005" /><testcase classname="tests.test_factor_engine" name="test_market_regime_identifies_bull_and_bear_conditions" time="0.005" /><testcase classname="tests.test_factor_engine" name="test_market_regime_identifies_high_volatility_risk_off" time="0.003" /><testcase classname="tests.test_factor_engine" name="test_risk_quality_factor_penalizes_large_drawdown" time="0.003" /><testcase classname="tests.test_factor_engine" name="test_composite_engine_reweights_missing_factors_and_is_deterministic" time="0.056" /><testcase classname="tests.test_factor_engine" name="test_invalid_weights_fail_clearly" time="0.010" /><testcase classname="tests.test_factor_engine" name="test_confidence_penalizes_factor_disagreement_and_threshold_proximity" time="0.028" /><testcase classname="tests.test_factor_engine" name="test_signal_classification_and_hysteresis_behavior" time="0.001" /><testcase classname="tests.test_factor_engine" name="test_strategy_result_returns_hold_for_insufficient_history" time="0.026" /><testcase classname="tests.test_factor_engine" name="test_factor_engine_has_no_order_submission_capability" time="0.002" /><testcase classname="tests.test_factor_intelligence" name="test_run_and_idempotent_rerun" time="0.552" /><testcase classname="tests.test_factor_intelligence" name="test_live_rejected" time="0.009" /><testcase classname="tests.test_factor_intelligence" name="test_deterministic_verification_scenario" time="0.497" /><testcase classname="tests.test_factor_intelligence_dashboard" name="test_factor_intelligence_page_renders" time="0.002" /><testcase classname="tests.test_factor_intelligence_data_quality" name="test_quality_counts_invalid_and_missing" time="0.002" /><testcase classname="tests.test_factor_intelligence_repository" name="test_run_persistence_and_retrieval" time="0.405" /><testcase classname="tests.test_factor_intelligence_scorecard" name="test_component_scores_reconcile" time="0.001" /><testcase classname="tests.test_factor_predictive_power" name="test_positive_monotonic_factor" time="0.001" /><testcase classname="tests.test_factor_predictive_power" name="test_constant_factor_is_safe" time="0.001" /><testcase classname="tests.test_factor_predictive_power" name="test_insufficient_sample_status" time="0.001" /><testcase classname="tests.test_factor_redundancy" name="test_near_duplicate_pair_detected" time="0.001" /><testcase classname="tests.test_factor_redundancy" name="test_self_pairs_excluded_and_order_deterministic" time="0.001" /><testcase classname="tests.test_factor_regime_analysis" name="test_unknown_regime_retained" time="0.001" /><testcase classname="tests.test_factor_regime_analysis" name="test_low_sample_marked_insufficient" time="0.001" /><testcase classname="tests.test_factor_registry" name="test_register_valid_factor" time="0.001" /><testcase classname="tests.test_factor_registry" name="test_reject_duplicate_factor_id_version" time="0.001" /><testcase classname="tests.test_factor_registry" name="test_reject_invalid_direction" time="0.001" /><testcase classname="tests.test_factor_registry" name="test_filter_by_category" time="0.001" /><testcase classname="tests.test_forward_return_labeler" name="test_labels_exact_forward_returns_and_benchmark_returns" time="0.402" /><testcase classname="tests.test_forward_return_labeler" name="test_weekend_and_missing_session_handling" time="0.453" /><testcase classname="tests.test_forward_return_labeler" name="test_unsorted_and_duplicate_price_data_are_normalized" time="0.384" /><testcase classname="tests.test_forward_return_labeler" name="test_partial_labeling_and_update_to_complete" time="0.405" /><testcase classname="tests.test_forward_return_labeler" name="test_unavailable_label_when_observation_missing" time="0.466" /><testcase classname="tests.test_forward_return_labeler" name="test_data_error_handling_for_missing_benchmark_data" time="0.733" /><testcase classname="tests.test_forward_return_labeler" name="test_idempotent_reruns_do_not_duplicate_labels" time="0.690" /><testcase classname="tests.test_forward_return_labeler" name="test_labeler_does_not_modify_original_research_record" time="0.634" /><testcase classname="tests.test_manual_paper_trade" name="test_blocks_live_mode" time="0.002" /><testcase classname="tests.test_manual_paper_trade" name="test_requires_paper_mode" time="0.002" /><testcase classname="tests.test_manual_paper_trade" name="test_cancels_when_market_closed" time="0.002" /><testcase classname="tests.test_manual_paper_trade" name="test_cancels_when_confirmation_is_not_exact_yes" time="0.003" /><testcase classname="tests.test_manual_paper_trade" name="test_submits_one_paper_order_when_yes" time="0.002" /><testcase classname="tests.test_manual_paper_trade" name="test_missing_credentials_returns_error" time="0.008" /><testcase classname="tests.test_market_scanner" name="test_scan_symbol_success" time="0.036" /><testcase classname="tests.test_market_scanner" name="test_scan_symbol_rejected" time="0.034" /><testcase classname="tests.test_market_scanner" name="test_scan_universe_continues_after_symbol_failure" time="0.009" /><testcase classname="tests.test_market_scanner" name="test_rank_scan_results_deterministic_tie_breakers" time="0.001" /><testcase classname="tests.test_market_scanner" name="test_scan_universe_timeout_handling" time="0.055" /><testcase classname="tests.test_monitoring_db" name="test_empty_database_queries_return_safe_defaults" time="0.324" /><testcase classname="tests.test_monitoring_db" name="test_duplicate_run_id_is_ignored" time="0.317" /><testcase classname="tests.test_monitoring_db" name="test_retention_helper_sql_is_available" time="0.002" /><testcase classname="tests.test_monitoring_db" name="test_account_snapshot_insert_without_explicit_id_generates_id" time="0.326" /><testcase classname="tests.test_monitoring_db" name="test_failed_insert_is_rolled_back_and_later_insert_succeeds" time="0.337" /><testcase classname="tests.test_monitoring_db" name="test_migrations_are_idempotent_for_sqlite" time="0.386" /><testcase classname="tests.test_monitoring_db" name="test_postgres_identity_migration_covers_all_tables" time="0.001" /><testcase classname="tests.test_monitoring_db" name="test_query_all_converts_postgres_tuple_rows_to_dicts" time="0.001" /><testcase classname="tests.test_monitoring_db" name="test_query_all_accepts_postgres_dict_rows" time="0.001" /><testcase classname="tests.test_monitoring_db" name="test_query_all_supports_sqlite_row_results" time="0.404" /><testcase classname="tests.test_monitoring_db" name="test_query_one_returns_none_for_empty_results" time="0.000" /><testcase classname="tests.test_monitoring_recorder" name="test_mask_identifier_never_returns_full_identifier" time="0.000" /><testcase classname="tests.test_monitoring_recorder" name="test_recorder_sanitizes_secret_fields" time="0.360" /><testcase classname="tests.test_monitoring_recorder" name="test_recorder_duplicate_run_finalize_is_safe" time="0.321" /><testcase classname="tests.test_monitoring_runner_integration" name="test_database_failures_do_not_trigger_extra_orders" time="0.030" /><testcase classname="tests.test_overnight_cost_sensitivity" name="test_higher_costs_cannot_improve_compounded_net_return" time="0.010" /><testcase classname="tests.test_overnight_cost_sensitivity" name="test_higher_costs_cannot_improve_each_trade_net_return" time="0.001" /><testcase classname="tests.test_overnight_cost_sensitivity" name="test_break_even_round_trip_cost_bps_is_positive_for_positive_edge" time="0.026" /><testcase classname="tests.test_overnight_cost_sensitivity" name="test_regulatory_fee_cannot_exceed_total_round_trip_cost" time="0.002" /><testcase classname="tests.test_overnight_hold_strategy" name="test_uses_next_trading_day_not_calendar_day_weekend_and_holiday" time="0.024" /><testcase classname="tests.test_overnight_hold_strategy" name="test_early_close_uses_1258_entry" time="0.009" /><testcase classname="tests.test_overnight_hold_strategy" name="test_skips_incomplete_trade_when_exit_bar_missing" time="0.007" /><testcase classname="tests.test_overnight_hold_strategy" name="test_timezone_conversion_from_utc_intraday_bars" time="0.019" /><testcase classname="tests.test_overnight_hold_strategy" name="test_transaction_costs_reduce_net_return" time="0.012" /><testcase classname="tests.test_overnight_hold_strategy" name="test_reports_required_metrics_and_benchmark_comparisons" time="0.013" /><testcase classname="tests.test_overnight_hold_strategy" name="test_live_mode_is_blocked_for_research_backtest" time="0.002" /><testcase classname="tests.test_overnight_hold_strategy" name="test_reports_missing_entry_and_exit_counts_separately" time="0.007" /><testcase classname="tests.test_overnight_hold_strategy" name="test_sip_unauthorized_fails_clearly_without_iex_opt_in" time="0.003" /><testcase classname="tests.test_overnight_hold_strategy" name="test_sip_can_fallback_to_iex_only_when_explicitly_enabled" time="0.008" /><testcase classname="tests.test_overnight_hold_strategy" name="test_iex_requires_explicit_opt_in" time="0.008" /><testcase classname="tests.test_overnight_hold_strategy" name="test_corrupted_cache_file_is_redownloaded" time="0.012" /><testcase classname="tests.test_paper_api_client" name="test_paper_api_client_uses_env_credentials_and_exposes_read_only_data" time="0.001" /><testcase classname="tests.test_paper_api_client" name="test_paper_api_client_fails_safely_when_credentials_are_missing" time="0.001" /><testcase classname="tests.test_paper_api_client" name="test_paper_api_client_blocks_live_mode" time="0.001" /><testcase classname="tests.test_paper_api_client" name="test_paper_api_client_submit_order_is_disabled" time="0.002" /><testcase classname="tests.test_paper_api_client" name="test_paper_api_client_reads_env_via_mock" time="0.001" /><testcase classname="tests.test_paper_approval" name="test_approval_fingerprint_is_deterministic" time="0.001" /><testcase classname="tests.test_paper_approval" name="test_validate_approval_rejects_live_mode" time="0.001" /><testcase classname="tests.test_paper_approval" name="test_validate_approval_valid_path" time="0.001" /><testcase classname="tests.test_paper_broker" name="test_paper_broker_reports_mock_account" time="0.001" /><testcase classname="tests.test_paper_broker" name="test_paper_broker_simulation_mode_keeps_local_state" time="0.001" /><testcase classname="tests.test_paper_broker" name="test_paper_broker_missing_paper_credentials_fails_safely" time="0.001" /><testcase classname="tests.test_paper_broker_adapter" name="test_paper_broker_adapter_exposes_required_interface" time="0.001" /><testcase classname="tests.test_paper_broker_adapter" name="test_paper_broker_submit_order_is_disabled_by_default" time="0.001" /><testcase classname="tests.test_paper_broker_adapter" name="test_paper_broker_rejects_live_mode" time="0.001" /><testcase classname="tests.test_paper_broker_adapter" name="test_paper_broker_uses_environment_credentials" time="0.001" /><testcase classname="tests.test_paper_broker_adapter" name="test_paper_broker_paper_mode_allows_only_read_only_methods" time="0.001" /><testcase classname="tests.test_paper_broker_adapter" name="test_safe_mode_rejects_live_trading" time="0.001" /><testcase classname="tests.test_paper_execution_repository" name="test_paper_execution_repository_approval_and_run" time="0.389" /><testcase classname="tests.test_paper_order" name="test_live_mode_is_blocked" time="0.001" /><testcase classname="tests.test_paper_order" name="test_missing_credentials_are_rejected" time="0.001" /><testcase classname="tests.test_paper_order" name="test_accepts_buy_notional_command_without_share_price" time="0.001" /><testcase classname="tests.test_paper_order" name="test_rejects_invalid_command_format" time="0.001" /><testcase classname="tests.test_paper_order" name="test_rejects_sell_options_margin_and_leverage" time="0.001" /><testcase classname="tests.test_paper_order" name="test_rejects_non_market_orders" time="0.001" /><testcase classname="tests.test_paper_order" name="test_rejects_notional_over_max_value" time="0.002" /><testcase classname="tests.test_paper_order" name="test_rejects_duplicate_orders" time="0.004" /><testcase classname="tests.test_paper_order" name="test_rejects_when_market_closed" time="0.002" /><testcase classname="tests.test_paper_order" name="test_dry_run_default_is_true_and_no_submission" time="0.001" /><testcase classname="tests.test_paper_order" name="test_submission_disabled_when_not_dry_run" time="0.002" /><testcase classname="tests.test_paper_order" name="test_real_paper_submission_returns_order_id_and_status" time="0.001" /><testcase classname="tests.test_paper_order" name="test_non_paper_mode_is_rejected" time="0.001" /><testcase classname="tests.test_paper_order_planner" name="test_order_planner_generates_buy_reduce_close_and_hold" time="0.001" /><testcase classname="tests.test_paper_order_planner" name="test_order_planner_respects_max_orders_and_cash_buffer" time="0.001" /><testcase classname="tests.test_paper_reconciliation" name="test_reconciliation_exact_match" time="0.001" /><testcase classname="tests.test_paper_reconciliation" name="test_reconciliation_pending_and_failed" time="0.001" /><testcase classname="tests.test_paper_reconciliation" name="test_reconciliation_failing_scenario_covers_all_mismatch_types" time="0.001" /><testcase classname="tests.test_paper_validation" name="test_paper_validation_rejects_live_mode" time="0.001" /><testcase classname="tests.test_paper_validation" name="test_paper_validation_dry_run_does_not_submit" time="0.001" /><testcase classname="tests.test_paper_validation" name="test_paper_validation_execute_requires_confirm" time="0.001" /><testcase classname="tests.test_paper_validation" name="test_paper_validation_rejects_live_broker_boundary" time="0.001" /><testcase classname="tests.test_paper_validation" name="test_validate_approval_cli_live_rejected" time="0.001" /><testcase classname="tests.test_paper_validation" name="test_cli_execute_paper_rejects_live_mode" time="0.005" /><testcase classname="tests.test_paper_validation" name="test_dry_run_then_execution_distinct_ids_and_duplicate_block" time="0.007" /><testcase classname="tests.test_paper_validation" name="test_two_dry_runs_are_safe_non_submitting" time="0.001" /><testcase classname="tests.test_paper_validation" name="test_active_duplicate_execution_is_rejected" time="0.001" /><testcase classname="tests.test_paper_validation" name="test_failed_run_retry_requires_override" time="0.002" /><testcase classname="tests.test_paper_validation_data" name="test_fetch_paper_validation_dashboard_payload" time="0.001" /><testcase classname="tests.test_performance_dashboard" name="test_fetch_performance_dashboard_payload" time="0.001" /><testcase classname="tests.test_performance_engine" name="test_run_performance_intelligence_deterministic" time="0.002" /><testcase classname="tests.test_performance_metrics" name="test_calculate_metrics_returns_expected_keys" time="0.076" /><testcase classname="tests.test_performance_metrics" name="test_equity_curve_metrics_deterministic" time="0.001" /><testcase classname="tests.test_performance_metrics" name="test_trade_statistics_deterministic" time="0.002" /><testcase classname="tests.test_performance_metrics" name="test_exposure_metrics_deterministic" time="0.001" /><testcase classname="tests.test_performance_metrics" name="test_benchmark_and_risk_ratios_deterministic" time="0.001" /><testcase classname="tests.test_portfolio_analytics" name="test_concentration_metrics_hhi_effective_holdings_and_top_weights" time="0.001" /><testcase classname="tests.test_portfolio_analytics" name="test_turnover_unchanged_full_replacement_partial_and_cash_included" time="0.001" /><testcase classname="tests.test_portfolio_analytics" name="test_snapshot_return_and_attribution_calculation" time="0.001" /><testcase classname="tests.test_portfolio_analytics" name="test_aggregate_metrics_empty_and_non_empty_samples" time="0.001" /><testcase classname="tests.test_portfolio_constraints" name="test_max_position_cap_and_redistribution_and_full_allocation" time="0.002" /><testcase classname="tests.test_portfolio_constraints" name="test_sector_cap_with_cash_residual_and_impossible_allocation_warning" time="0.001" /><testcase classname="tests.test_portfolio_constraints" name="test_zero_weight_removal_normalization_tolerance_and_negative_rejection" time="0.001" /><testcase classname="tests.test_portfolio_constraints" name="test_max_iterations_bound_path" time="0.001" /><testcase classname="tests.test_portfolio_constraints" name="test_gross_exposure_limit_and_min_max_holdings" time="0.001" /><testcase classname="tests.test_portfolio_research" name="test_portfolio_research_run_and_dashboard_payload" time="0.507" /><testcase classname="tests.test_portfolio_research_data" name="test_normalization_filters_duplicates_and_missing_values" time="0.000" /><testcase classname="tests.test_portfolio_research_data" name="test_portfolio_method_and_comparison_are_deterministic" time="0.002" /><testcase classname="tests.test_portfolio_research_data" name="test_walk_forward_portfolio_validation_no_leakage_shape" time="0.003" /><testcase classname="tests.test_portfolio_research_repository" name="test_repository_insert_fetch_latest_and_snapshots" time="0.312" /><testcase classname="tests.test_portfolio_research_repository" name="test_repository_duplicate_snapshot_protection_and_indexes" time="0.329" /><testcase classname="tests.test_portfolio_selector" name="test_shortlist_respects_max_positions_and_sector_caps" time="0.001" /><testcase classname="tests.test_portfolio_selector" name="test_shortlist_rejects_existing_pending_and_cooldown_symbols" time="0.000" /><testcase classname="tests.test_portfolio_selector" name="test_shortlist_halts_when_risk_stop_active" time="0.000" /><testcase classname="tests.test_portfolio_selector" name="test_position_review_recommendations_cover_hold_watch_reduce_exit" time="0.001" /><testcase classname="tests.test_portfolio_weighting" name="test_equal_weighting_is_deterministic" time="0.001" /><testcase classname="tests.test_portfolio_weighting" name="test_score_and_confidence_proportional_weighting" time="0.003" /><testcase classname="tests.test_portfolio_weighting" name="test_rank_based_inverse_rank_weighting" time="0.002" /><testcase classname="tests.test_portfolio_weighting" name="test_inverse_volatility_and_risk_parity_like_weighting" time="0.001" /><testcase classname="tests.test_portfolio_weighting" name="test_invalid_volatility_is_unavailable" time="0.002" /><testcase classname="tests.test_portfolio_weighting" name="test_all_zero_scores_and_missing_confidence_are_insufficient_data" time="0.001" /><testcase classname="tests.test_portfolio_weighting" name="test_volatility_targeted_scales_without_default_leverage" time="0.001" /><testcase classname="tests.test_portfolio_weighting" name="test_one_holding_many_holdings_paths" time="0.000" /><testcase classname="tests.test_railway_start" name="test_blocks_live_mode" time="0.001" /><testcase classname="tests.test_railway_start" name="test_requires_paper_mode" time="0.001" /><testcase classname="tests.test_railway_start" name="test_two_invocations_same_day_both_reach_runner" time="0.010" /><testcase classname="tests.test_railway_start" name="test_emits_railway_markers_on_success" time="0.003" /><testcase classname="tests.test_railway_start" name="test_report_checker_failure_is_reported_without_retry" time="0.004" /><testcase classname="tests.test_railway_start" name="test_main_reports_safe_failure" time="0.001" /><testcase classname="tests.test_railway_start" name="test_startup_runtime_error_after_market_check_reports_stage_and_safe_message" time="0.002" /><testcase classname="tests.test_railway_start" name="test_runs_one_day_with_expected_runner_args" time="0.002" /><testcase classname="tests.test_replay_engine" name="test_replay_is_deterministic" time="0.005" /><testcase classname="tests.test_replay_engine" name="test_compare_with_journal_counts_matches" time="0.002" /><testcase classname="tests.test_replay_engine" name="test_replay_uses_only_prior_history" time="0.005" /><testcase classname="tests.test_replay_engine" name="test_save_trade_decision_does_not_duplicate_existing_record" time="0.003" /><testcase classname="tests.test_report_checker" name="test_check_latest_report_prints_latest_summary_fields" time="0.010" /><testcase classname="tests.test_report_checker" name="test_check_latest_report_handles_empty_directory" time="0.006" /><testcase classname="tests.test_research_data" name="test_build_research_candidate_records_preserves_order_and_details" time="0.001" /><testcase classname="tests.test_research_data" name="test_build_research_analytics_calculations" time="0.001" /><testcase classname="tests.test_research_data" name="test_empty_database_behavior_returns_zero_metrics" time="0.422" /><testcase classname="tests.test_research_data" name="test_research_config_snapshot_omits_secrets" time="0.001" /><testcase classname="tests.test_research_journal" name="test_journal_converts_scanner_output_and_preserves_order" time="0.316" /><testcase classname="tests.test_research_journal" name="test_journal_supports_duplicate_run_ids_without_duplicate_candidates" time="0.324" /><testcase classname="tests.test_research_journal" name="test_journal_rejects_invalid_scanner_payload" time="0.003" /><testcase classname="tests.test_research_repository" name="test_repository_inserts_and_reads_research_data" time="0.402" /><testcase classname="tests.test_research_repository" name="test_repository_rollback_prevents_partial_persistence" time="0.360" /><testcase classname="tests.test_research_repository" name="test_research_migration_tables_and_indexes_exist" time="0.306" /><testcase classname="tests.test_risk_manager" name="test_risk_manager_approves_safe_trade" time="0.000" /><testcase classname="tests.test_risk_manager" name="test_risk_manager_rejects_large_trade" time="0.000" /><testcase classname="tests.test_run_overnight_backtest" name="test_atomic_report_write_keeps_previous_content_on_failure" time="0.003" /><testcase classname="tests.test_scanner_filters" name="test_rejects_low_priced_symbol" time="0.009" /><testcase classname="tests.test_scanner_filters" name="test_rejects_illiquid_symbol" time="0.009" /><testcase classname="tests.test_scanner_filters" name="test_rejects_insufficient_history" time="0.005" /><testcase classname="tests.test_scanner_filters" name="test_rejects_impossible_ohlc_data" time="0.032" /><testcase classname="tests.test_scanner_filters" name="test_accepts_valid_liquid_symbol" time="0.011" /><testcase classname="tests.test_scanner_repository_and_safety" name="test_json_repository_saves_scan_payload" time="0.003" /><testcase classname="tests.test_scanner_repository_and_safety" name="test_scanner_modules_do_not_import_broker_order_submission" time="0.008" /><testcase classname="tests.test_scanner_repository_and_safety" name="test_scanner_runner_has_research_only_banner" time="0.001" /><testcase classname="tests.test_scanner_repository_and_safety" name="test_live_block_remains_absent_from_scanner_config_paths" time="0.002" /><testcase classname="tests.test_scanner_repository_and_safety" name="test_evaluation_modules_remain_research_only" time="0.008" /><testcase classname="tests.test_scanner_repository_and_safety" name="test_paper_validation_modules_block_live_routing_patterns" time="0.003" /><testcase classname="tests.test_scheduled_paper_test" name="test_next_weekday_10am_moves_to_monday_from_weekend" time="0.001" /><testcase classname="tests.test_scheduled_paper_test" name="test_next_weekday_10am_moves_to_next_day_after_10am" time="0.001" /><testcase classname="tests.test_scheduled_paper_test" name="test_blocks_live_mode" time="0.003" /><testcase classname="tests.test_scheduled_paper_test" name="test_requires_paper_mode" time="0.002" /><testcase classname="tests.test_scheduled_paper_test" name="test_runs_one_dry_run_cycle_and_logs_result" time="0.002" /><testcase classname="tests.test_scheduled_paper_test" name="test_missing_credentials_fails_safely" time="0.006" /><testcase classname="tests.test_scheduler" name="test_scheduler_runs_in_simulation_mode" time="0.001" /><testcase classname="tests.test_security_factor_explainability" name="test_contributions_reconcile_to_score" time="0.001" /><testcase classname="tests.test_simulation_runner" name="test_run_simulation_uses_broker_for_read_only_checks" time="0.003" /><testcase classname="tests.test_sprint_10_1_validation" name="test_live_profile_is_rejected" time="0.002" /><testcase classname="tests.test_sprint_10_1_validation" name="test_manual_approval_gate_blocks_run" time="0.002" /><testcase classname="tests.test_sprint_10_1_validation" name="test_no_candidate_result_reports_reasons" time="0.001" /><testcase classname="tests.test_sprint_10_1_validation" name="test_completed_flow_executes_single_order" time="0.001" /><testcase classname="tests.test_sprint_10_2_execution_validation" name="test_execution_validation_completes" time="0.002" /><testcase classname="tests.test_sprint_10_2_execution_validation" name="test_execution_validation_no_trade" time="0.002" /><testcase classname="tests.test_stability_analyzer" name="test_factor_stability_handles_stable_and_sign_reversing_factors" time="0.060" /><testcase classname="tests.test_stability_analyzer" name="test_performance_decay_and_regime_robustness_are_deterministic" time="0.001" /><testcase classname="tests.test_stability_analyzer" name="test_scorecard_statuses_are_transparent" time="0.000" /><testcase classname="tests.test_stock_universe" name="test_universe_symbols_are_unique_and_sorted" time="0.002" /><testcase classname="tests.test_stock_universe" name="test_universe_exclusions_and_additions_apply" time="0.001" /><testcase classname="tests.test_stock_universe" name="test_universe_respects_max_size" time="0.002" /><testcase classname="tests.test_stock_universe" name="test_universe_normalizes_symbols_with_periods" time="0.001" /><testcase classname="tests.test_stock_universe" name="test_universe_metadata_fields_present" time="0.001" /><testcase classname="tests.test_strategy" name="test_generate_signal_buy" time="0.002" /><testcase classname="tests.test_strategy" name="test_generate_signal_hold" time="0.003" /><testcase classname="tests.test_strategy_comparison" name="test_strategy_metrics_basic_fields" time="0.001" /><testcase classname="tests.test_strategy_comparison" name="test_pairwise_common_snapshot_comparison_returns_rows" time="0.003" /><testcase classname="tests.test_strategy_comparison" name="test_leaderboard_orders_by_score" time="0.002" /><testcase classname="tests.test_strategy_costs" name="test_estimate_transaction_cost_non_negative" time="0.002" /><testcase classname="tests.test_strategy_costs" name="test_apply_transaction_costs_to_snapshot_adds_net_fields" time="0.000" /><testcase classname="tests.test_strategy_costs" name="test_apply_transaction_costs_operates_on_list" time="0.001" /><testcase classname="tests.test_strategy_definitions" name="test_built_in_strategy_definitions_contains_baseline" time="0.001" /><testcase classname="tests.test_strategy_definitions" name="test_strategy_fingerprint_is_deterministic" time="0.001" /><testcase classname="tests.test_strategy_definitions" name="test_validate_strategy_definitions_accepts_builtins" time="0.001" /><testcase classname="tests.test_strategy_evaluator" name="test_strategy_evaluator_returns_read_only_analytics" time="0.352" /><testcase classname="tests.test_strategy_evaluator" name="test_strategy_evaluator_filters_by_run_and_symbol" time="0.409" /><testcase classname="tests.test_strategy_gate" name="test_strategy_gate_accepts_valid_result" time="31.811" /><testcase classname="tests.test_strategy_lab" name="test_run_strategy_lab_dry_run" time="0.002" /><testcase classname="tests.test_strategy_lab_data" name="test_apply_strategy_filters_by_signal_and_threshold" time="0.002" /><testcase classname="tests.test_strategy_lab_data" name="test_common_snapshot_keys_respects_min_holdings" time="0.002" /><testcase classname="tests.test_strategy_lab_repository" name="test_strategy_lab_repository_save_and_fetch" time="0.342" /><testcase classname="tests.test_strategy_parameters" name="test_strategy_parameters_defaults" time="0.000" /><testcase classname="tests.test_strategy_parameters" name="test_strategy_parameters_to_dict" time="0.001" /><testcase classname="tests.test_strategy_scorecard" name="test_build_strategy_scorecard_returns_composite" time="0.001" /><testcase classname="tests.test_trade_journal" name="test_save_trade_decision_writes_csv" time="0.004" /><testcase classname="tests.test_trade_journal" name="test_read_journal_returns_empty_list_for_missing_file" time="0.006" /><testcase classname="tests.test_two_week_paper_runner" name="test_live_mode_stops_immediately" time="0.003" /><testcase classname="tests.test_two_week_paper_runner" name="test_missing_credentials_stops_safely" time="0.005" /><testcase classname="tests.test_two_week_paper_runner" name="test_market_closed_skips_all_days" time="0.032" /><testcase classname="tests.test_two_week_paper_runner" name="test_daily_loss_limit_sets_review_required" time="0.023" /><testcase classname="tests.test_two_week_paper_runner" name="test_data_missing_skips_safely" time="0.031" /><testcase classname="tests.test_two_week_paper_runner" name="test_buy_signal_uses_existing_strategy_and_submits_at_most_one_per_day" time="0.096" /><testcase classname="tests.test_two_week_paper_runner" name="test_buy_signal_submits_real_paper_order_and_logs" time="0.016" /><testcase classname="tests.test_two_week_paper_runner" name="test_logs_exact_error_between_submission_enabled_and_submit_started" time="0.011" /><testcase classname="tests.test_two_week_paper_runner" name="test_no_more_than_three_submissions_per_day" time="0.044" /><testcase classname="tests.test_two_week_paper_runner" name="test_total_submitted_notional_cannot_exceed_thirty" time="0.020" /><testcase classname="tests.test_two_week_paper_runner" name="test_cooldown_is_enforced" time="0.029" /><testcase classname="tests.test_two_week_paper_runner" name="test_duplicate_signals_are_blocked" time="0.029" /><testcase classname="tests.test_two_week_paper_runner" name="test_redeployment_cannot_reset_daily_limits" time="0.036" /><testcase classname="tests.test_two_week_paper_runner" name="test_preflight_is_read_only_and_does_not_submit" time="0.013" /><testcase classname="tests.test_two_week_paper_runner" name="test_signal_diagnostics_buy_path" time="0.021" /><testcase classname="tests.test_two_week_paper_runner" name="test_signal_diagnostics_hold_path" time="0.021" /><testcase classname="tests.test_two_week_paper_runner" name="test_missing_data_blocks_trading_with_clear_reason" time="0.019" /><testcase classname="tests.test_two_week_paper_runner" name="test_stale_data_blocks_trading_with_clear_reason" time="0.026" /><testcase classname="tests.test_two_week_paper_runner" name="test_state_survives_new_runner_instance" time="0.035" /><testcase classname="tests.test_two_week_paper_runner" name="test_corrupted_state_blocks_trading_and_sets_review_required" time="0.007" /><testcase classname="tests.test_two_week_paper_runner" name="test_atomic_state_write_replaces_file" time="0.007" /><testcase classname="tests.test_two_week_paper_runner" name="test_missing_state_is_initialized_and_persisted_when_signal_not_buy" time="0.013" /><testcase classname="tests.test_two_week_paper_runner" name="test_next_runner_instance_loads_existing_state" time="0.021" /><testcase classname="tests.test_two_week_paper_runner" name="test_hold_runs_do_not_send_discord_alerts" time="0.008" /><testcase classname="tests.test_two_week_paper_runner" name="test_submitted_order_sends_single_order_submitted_alert" time="0.019" /><testcase classname="tests.test_two_week_paper_runner" name="test_discord_notification_failure_does_not_affect_trading" time="0.019" /><testcase classname="tests.test_walk_forward" name="test_walk_forward_returns_period_results" time="5.939" /><testcase classname="tests.test_walk_forward_data" name="test_normalize_walk_forward_rows_filters_and_deduplicates" time="0.001" /><testcase classname="tests.test_walk_forward_data" name="test_generate_walk_forward_windows_supports_rolling_and_expanding" time="0.002" /><testcase classname="tests.test_walk_forward_data" name="test_build_window_analysis_and_degradation_metrics_are_exact" time="0.002" /><testcase classname="tests.test_walk_forward_data" name="test_generate_walk_forward_windows_skips_insufficient_samples" time="0.000" /><testcase classname="tests.test_walk_forward_repository" name="test_repository_inserts_and_reads_walk_forward_runs" time="0.401" /><testcase classname="tests.test_walk_forward_repository" name="test_repository_rollback_prevents_partial_persistence" time="0.484" /><testcase classname="tests.test_walk_forward_repository" name="test_walk_forward_migration_tables_and_indexes_exist" time="0.430" /><testcase classname="tests.test_walk_forward_validator" name="test_walk_forward_validator_integrates_evaluation_rows_and_persistence" time="0.474" /><testcase classname="tests.test_walk_forward_validator" name="test_walk_forward_validator_supports_expanding_windows_and_dry_run" time="0.484" /></testsuite></testsuites>