<?xml version="1.0" encoding="utf-8"?><testsuites name="pytest tests"><testsuite name="pytest" errors="0" failures="0" skipped="0" tests="195" time="78.796" timestamp="2026-07-17T12:38:52.650703-05:00" hostname="ThompsonLaptop"><testcase classname="tests.test_account_status" name="test_get_account_report_reads_paper_data_with_mock_client" time="0.003" /><testcase classname="tests.test_account_status" name="test_get_account_report_handles_errors_safely" time="0.002" /><testcase classname="tests.test_account_status" name="test_main_prints_only_expected_fields" time="0.001" /><testcase classname="tests.test_alpaca_client" name="test_alpaca_client_fails_safely_when_credentials_missing" time="0.001" /><testcase classname="tests.test_alpaca_client" name="test_alpaca_client_blocks_live_mode" time="0.001" /><testcase classname="tests.test_alpaca_client" name="test_alpaca_client_read_only_methods" time="0.001" /><testcase classname="tests.test_alpaca_client" name="test_alpaca_client_submit_order_is_disabled" time="0.001" /><testcase classname="tests.test_backtest_multi_factor" name="test_backtest_multi_factor_uses_only_prior_history" time="0.019" /><testcase classname="tests.test_backtest_multi_factor" name="test_backtest_legacy_strategy_still_works" time="0.012" /><testcase classname="tests.test_backtest_multi_factor" name="test_compare_strategy_modes_returns_legacy_multi_factor_and_buy_hold" time="0.026" /><testcase classname="tests.test_config" name="test_safe_mode_allows_simulation" time="0.001" /><testcase classname="tests.test_config" name="test_safe_mode_blocks_live" time="0.002" /><testcase classname="tests.test_config" name="test_config_handles_missing_alpaca_credentials_safely" time="0.002" /><testcase classname="tests.test_dashboard" name="test_read_recent_logs_returns_list" time="0.005" /><testcase classname="tests.test_dashboard" name="test_render_dashboard_runs_without_error" time="0.833" /><testcase classname="tests.test_dashboard_app" name="test_password_protection_helper" time="0.002" /><testcase classname="tests.test_dashboard_app" name="test_paper_only_enforcement_blocks_live" time="0.002" /><testcase classname="tests.test_dashboard_app" name="test_dashboard_code_has_no_write_capability" time="0.027" /><testcase classname="tests.test_dashboard_app" name="test_dashboard_allows_empty_database_reads" time="0.088" /><testcase classname="tests.test_dashboard_app" name="test_bot_health_state_labels" time="0.002" /><testcase classname="tests.test_dashboard_app" name="test_market_closed_and_signal_state_labels" time="0.002" /><testcase classname="tests.test_dashboard_app" name="test_currency_formatting" time="0.002" /><testcase classname="tests.test_dashboard_app" name="test_market_waiting_message_for_missing_values" time="0.003" /><testcase classname="tests.test_dashboard_app" name="test_empty_state_messages" time="0.002" /><testcase classname="tests.test_dashboard_app" name="test_format_percent_and_mobile_layout_helpers" time="0.002" /><testcase classname="tests.test_dashboard_app" name="test_market_clock_open_and_closed_states" time="0.002" /><testcase classname="tests.test_dashboard_app" name="test_signal_strength_meter_boundaries" time="0.002" /><testcase classname="tests.test_dashboard_app" name="test_render_dashboard_executes_all_sections_with_populated_data" time="0.006" /><testcase classname="tests.test_dashboard_app" name="test_refresh_calls_cache_clear_and_rerun_without_trading_actions" time="0.003" /><testcase classname="tests.test_dashboard_app" name="test_authenticated_state_hides_password_input" time="0.002" /><testcase classname="tests.test_dashboard_app" name="test_successful_authentication_clears_password_and_reruns" time="0.002" /><testcase classname="tests.test_dashboard_app" name="test_hold_and_market_closed_are_neutral_in_status_bar" time="0.002" /><testcase classname="tests.test_dashboard_app" name="test_notification_builder_and_empty_positions_state" time="0.002" /><testcase classname="tests.test_dashboard_app" name="test_disconnected_database_payload_is_safe" time="0.002" /><testcase classname="tests.test_dashboard_app" name="test_initialize_session_state_preserves_existing_values" time="0.002" /><testcase classname="tests.test_dashboard_app" name="test_refresh_button_sets_force_refresh_without_page_reset" time="0.003" /><testcase classname="tests.test_dashboard_app" name="test_timeframe_uses_persisted_session_state" time="0.002" /><testcase classname="tests.test_dashboard_app" name="test_alert_acknowledgement_is_session_local" time="0.002" /><testcase classname="tests.test_dashboard_app" name="test_research_downloads_disable_when_no_rows" time="0.007" /><testcase classname="tests.test_dashboard_app" name="test_dashboard_app_has_no_use_container_width_calls" time="0.003" /><testcase classname="tests.test_dashboard_data_rendering" name="test_dashboard_queries_work_with_sample_sanitized_records" time="0.118" /><testcase classname="tests.test_dashboard_data_rendering" name="test_dashboard_view_model_handles_warning_error_and_market_closed_states" time="0.004" /><testcase classname="tests.test_dashboard_data_rendering" name="test_positive_and_negative_pl_formatting" time="0.002" /><testcase classname="tests.test_data_validation" name="test_validate_price_data_accepts_clean_data" time="0.009" /><testcase classname="tests.test_data_validation" name="test_validate_price_data_rejects_empty_data" time="0.004" /><testcase classname="tests.test_discord_notifier" name="test_duplicate_event_is_sent_once" time="0.011" /><testcase classname="tests.test_discord_notifier" name="test_notification_failure_is_safe_and_non_raising" time="0.005" /><testcase classname="tests.test_discord_notifier" name="test_secrets_and_full_ids_are_sanitized" time="0.009" /><testcase classname="tests.test_discord_notifier" name="test_final_status_only_alerts_for_relevant_statuses" time="0.008" /><testcase classname="tests.test_error_handler" name="test_error_handler_logs_and_returns_recovery_message" time="0.002" /><testcase classname="tests.test_error_handler" name="test_error_handler_safe_shutdown_invokes_hook" time="0.003" /><testcase classname="tests.test_error_handler" name="test_download_price_data_raises_market_data_error_for_empty_payload" time="0.003" /><testcase classname="tests.test_error_handler" name="test_generate_signal_raises_calculation_error_for_short_series" time="0.002" /><testcase classname="tests.test_error_handler" name="test_main_run_analysis_returns_error_summary_for_market_data_failure" time="0.003" /><testcase classname="tests.test_experiment_runner" name="test_experiment_runner_returns_ranked_results" time="0.775" /><testcase classname="tests.test_factor_engine" name="test_trend_factor_scores_strong_bullish_alignment" time="0.008" /><testcase classname="tests.test_factor_engine" name="test_trend_factor_handles_insufficient_history" time="0.006" /><testcase classname="tests.test_factor_engine" name="test_momentum_factor_penalizes_overextended_rsi" time="0.013" /><testcase classname="tests.test_factor_engine" name="test_volume_factor_returns_unavailable_without_volume" time="0.004" /><testcase classname="tests.test_factor_engine" name="test_volume_factor_rewards_confirmed_breakout_volume" time="0.008" /><testcase classname="tests.test_factor_engine" name="test_volatility_factor_penalizes_extreme_volatility" time="0.013" /><testcase classname="tests.test_factor_engine" name="test_volatility_factor_penalizes_near_zero_movement" time="0.011" /><testcase classname="tests.test_factor_engine" name="test_market_regime_identifies_bull_and_bear_conditions" time="0.016" /><testcase classname="tests.test_factor_engine" name="test_market_regime_identifies_high_volatility_risk_off" time="0.008" /><testcase classname="tests.test_factor_engine" name="test_risk_quality_factor_penalizes_large_drawdown" time="0.012" /><testcase classname="tests.test_factor_engine" name="test_composite_engine_reweights_missing_factors_and_is_deterministic" time="0.060" /><testcase classname="tests.test_factor_engine" name="test_invalid_weights_fail_clearly" time="0.033" /><testcase classname="tests.test_factor_engine" name="test_confidence_penalizes_factor_disagreement_and_threshold_proximity" time="0.060" /><testcase classname="tests.test_factor_engine" name="test_signal_classification_and_hysteresis_behavior" time="0.002" /><testcase classname="tests.test_factor_engine" name="test_strategy_result_returns_hold_for_insufficient_history" time="0.028" /><testcase classname="tests.test_factor_engine" name="test_factor_engine_has_no_order_submission_capability" time="0.004" /><testcase classname="tests.test_manual_paper_trade" name="test_blocks_live_mode" time="0.006" /><testcase classname="tests.test_manual_paper_trade" name="test_requires_paper_mode" time="0.005" /><testcase classname="tests.test_manual_paper_trade" name="test_cancels_when_market_closed" time="0.004" /><testcase classname="tests.test_manual_paper_trade" name="test_cancels_when_confirmation_is_not_exact_yes" time="0.004" /><testcase classname="tests.test_manual_paper_trade" name="test_submits_one_paper_order_when_yes" time="0.005" /><testcase classname="tests.test_manual_paper_trade" name="test_missing_credentials_returns_error" time="0.007" /><testcase classname="tests.test_monitoring_db" name="test_empty_database_queries_return_safe_defaults" time="0.075" /><testcase classname="tests.test_monitoring_db" name="test_duplicate_run_id_is_ignored" time="0.080" /><testcase classname="tests.test_monitoring_db" name="test_retention_helper_sql_is_available" time="0.007" /><testcase classname="tests.test_monitoring_db" name="test_account_snapshot_insert_without_explicit_id_generates_id" time="0.090" /><testcase classname="tests.test_monitoring_db" name="test_failed_insert_is_rolled_back_and_later_insert_succeeds" time="0.079" /><testcase classname="tests.test_monitoring_db" name="test_migrations_are_idempotent_for_sqlite" time="0.084" /><testcase classname="tests.test_monitoring_db" name="test_postgres_identity_migration_covers_all_tables" time="0.003" /><testcase classname="tests.test_monitoring_db" name="test_query_all_converts_postgres_tuple_rows_to_dicts" time="0.002" /><testcase classname="tests.test_monitoring_db" name="test_query_all_accepts_postgres_dict_rows" time="0.002" /><testcase classname="tests.test_monitoring_db" name="test_query_all_supports_sqlite_row_results" time="0.079" /><testcase classname="tests.test_monitoring_db" name="test_query_one_returns_none_for_empty_results" time="0.002" /><testcase classname="tests.test_monitoring_recorder" name="test_mask_identifier_never_returns_full_identifier" time="0.002" /><testcase classname="tests.test_monitoring_recorder" name="test_recorder_sanitizes_secret_fields" time="0.089" /><testcase classname="tests.test_monitoring_recorder" name="test_recorder_duplicate_run_finalize_is_safe" time="0.085" /><testcase classname="tests.test_monitoring_runner_integration" name="test_database_failures_do_not_trigger_extra_orders" time="0.022" /><testcase classname="tests.test_overnight_cost_sensitivity" name="test_higher_costs_cannot_improve_compounded_net_return" time="0.011" /><testcase classname="tests.test_overnight_cost_sensitivity" name="test_higher_costs_cannot_improve_each_trade_net_return" time="0.002" /><testcase classname="tests.test_overnight_cost_sensitivity" name="test_break_even_round_trip_cost_bps_is_positive_for_positive_edge" time="0.021" /><testcase classname="tests.test_overnight_cost_sensitivity" name="test_regulatory_fee_cannot_exceed_total_round_trip_cost" time="0.002" /><testcase classname="tests.test_overnight_hold_strategy" name="test_uses_next_trading_day_not_calendar_day_weekend_and_holiday" time="0.024" /><testcase classname="tests.test_overnight_hold_strategy" name="test_early_close_uses_1258_entry" time="0.029" /><testcase classname="tests.test_overnight_hold_strategy" name="test_skips_incomplete_trade_when_exit_bar_missing" time="0.022" /><testcase classname="tests.test_overnight_hold_strategy" name="test_timezone_conversion_from_utc_intraday_bars" time="0.020" /><testcase classname="tests.test_overnight_hold_strategy" name="test_transaction_costs_reduce_net_return" time="0.021" /><testcase classname="tests.test_overnight_hold_strategy" name="test_reports_required_metrics_and_benchmark_comparisons" time="0.025" /><testcase classname="tests.test_overnight_hold_strategy" name="test_live_mode_is_blocked_for_research_backtest" time="0.004" /><testcase classname="tests.test_overnight_hold_strategy" name="test_reports_missing_entry_and_exit_counts_separately" time="0.025" /><testcase classname="tests.test_overnight_hold_strategy" name="test_sip_unauthorized_fails_clearly_without_iex_opt_in" time="0.010" /><testcase classname="tests.test_overnight_hold_strategy" name="test_sip_can_fallback_to_iex_only_when_explicitly_enabled" time="0.029" /><testcase classname="tests.test_overnight_hold_strategy" name="test_iex_requires_explicit_opt_in" time="0.007" /><testcase classname="tests.test_overnight_hold_strategy" name="test_corrupted_cache_file_is_redownloaded" time="0.026" /><testcase classname="tests.test_paper_api_client" name="test_paper_api_client_uses_env_credentials_and_exposes_read_only_data" time="0.003" /><testcase classname="tests.test_paper_api_client" name="test_paper_api_client_fails_safely_when_credentials_are_missing" time="0.003" /><testcase classname="tests.test_paper_api_client" name="test_paper_api_client_blocks_live_mode" time="0.002" /><testcase classname="tests.test_paper_api_client" name="test_paper_api_client_submit_order_is_disabled" time="0.003" /><testcase classname="tests.test_paper_api_client" name="test_paper_api_client_reads_env_via_mock" time="0.004" /><testcase classname="tests.test_paper_broker" name="test_paper_broker_reports_mock_account" time="0.002" /><testcase classname="tests.test_paper_broker" name="test_paper_broker_simulation_mode_keeps_local_state" time="0.002" /><testcase classname="tests.test_paper_broker" name="test_paper_broker_missing_paper_credentials_fails_safely" time="0.002" /><testcase classname="tests.test_paper_broker_adapter" name="test_paper_broker_adapter_exposes_required_interface" time="0.002" /><testcase classname="tests.test_paper_broker_adapter" name="test_paper_broker_submit_order_is_disabled_by_default" time="0.002" /><testcase classname="tests.test_paper_broker_adapter" name="test_paper_broker_rejects_live_mode" time="0.002" /><testcase classname="tests.test_paper_broker_adapter" name="test_paper_broker_uses_environment_credentials" time="0.002" /><testcase classname="tests.test_paper_broker_adapter" name="test_paper_broker_paper_mode_allows_only_read_only_methods" time="0.002" /><testcase classname="tests.test_paper_broker_adapter" name="test_safe_mode_rejects_live_trading" time="0.001" /><testcase classname="tests.test_paper_order" name="test_live_mode_is_blocked" time="0.003" /><testcase classname="tests.test_paper_order" name="test_missing_credentials_are_rejected" time="0.003" /><testcase classname="tests.test_paper_order" name="test_accepts_buy_notional_command_without_share_price" time="0.002" /><testcase classname="tests.test_paper_order" name="test_rejects_invalid_command_format" time="0.005" /><testcase classname="tests.test_paper_order" name="test_rejects_sell_options_margin_and_leverage" time="0.003" /><testcase classname="tests.test_paper_order" name="test_rejects_non_market_orders" time="0.003" /><testcase classname="tests.test_paper_order" name="test_rejects_notional_over_max_value" time="0.002" /><testcase classname="tests.test_paper_order" name="test_rejects_duplicate_orders" time="0.002" /><testcase classname="tests.test_paper_order" name="test_rejects_when_market_closed" time="0.003" /><testcase classname="tests.test_paper_order" name="test_dry_run_default_is_true_and_no_submission" time="0.002" /><testcase classname="tests.test_paper_order" name="test_submission_disabled_when_not_dry_run" time="0.002" /><testcase classname="tests.test_paper_order" name="test_real_paper_submission_returns_order_id_and_status" time="0.003" /><testcase classname="tests.test_paper_order" name="test_non_paper_mode_is_rejected" time="0.002" /><testcase classname="tests.test_performance_metrics" name="test_calculate_metrics_returns_expected_keys" time="0.179" /><testcase classname="tests.test_railway_start" name="test_blocks_live_mode" time="0.004" /><testcase classname="tests.test_railway_start" name="test_requires_paper_mode" time="0.004" /><testcase classname="tests.test_railway_start" name="test_two_invocations_same_day_both_reach_runner" time="0.029" /><testcase classname="tests.test_railway_start" name="test_emits_railway_markers_on_success" time="0.009" /><testcase classname="tests.test_railway_start" name="test_report_checker_failure_is_reported_without_retry" time="0.010" /><testcase classname="tests.test_railway_start" name="test_main_reports_safe_failure" time="0.002" /><testcase classname="tests.test_railway_start" name="test_startup_runtime_error_after_market_check_reports_stage_and_safe_message" time="0.008" /><testcase classname="tests.test_railway_start" name="test_runs_one_day_with_expected_runner_args" time="0.007" /><testcase classname="tests.test_replay_engine" name="test_replay_is_deterministic" time="0.017" /><testcase classname="tests.test_replay_engine" name="test_compare_with_journal_counts_matches" time="0.006" /><testcase classname="tests.test_replay_engine" name="test_replay_uses_only_prior_history" time="0.007" /><testcase classname="tests.test_replay_engine" name="test_save_trade_decision_does_not_duplicate_existing_record" time="0.011" /><testcase classname="tests.test_report_checker" name="test_check_latest_report_prints_latest_summary_fields" time="0.010" /><testcase classname="tests.test_report_checker" name="test_check_latest_report_handles_empty_directory" time="0.007" /><testcase classname="tests.test_risk_manager" name="test_risk_manager_approves_safe_trade" time="0.002" /><testcase classname="tests.test_risk_manager" name="test_risk_manager_rejects_large_trade" time="0.002" /><testcase classname="tests.test_run_overnight_backtest" name="test_atomic_report_write_keeps_previous_content_on_failure" time="0.009" /><testcase classname="tests.test_scheduled_paper_test" name="test_next_weekday_10am_moves_to_monday_from_weekend" time="0.002" /><testcase classname="tests.test_scheduled_paper_test" name="test_next_weekday_10am_moves_to_next_day_after_10am" time="0.002" /><testcase classname="tests.test_scheduled_paper_test" name="test_blocks_live_mode" time="0.004" /><testcase classname="tests.test_scheduled_paper_test" name="test_requires_paper_mode" time="0.004" /><testcase classname="tests.test_scheduled_paper_test" name="test_runs_one_dry_run_cycle_and_logs_result" time="0.004" /><testcase classname="tests.test_scheduled_paper_test" name="test_missing_credentials_fails_safely" time="0.009" /><testcase classname="tests.test_scheduler" name="test_scheduler_runs_in_simulation_mode" time="0.001" /><testcase classname="tests.test_simulation_runner" name="test_run_simulation_uses_broker_for_read_only_checks" time="0.005" /><testcase classname="tests.test_strategy" name="test_generate_signal_buy" time="0.006" /><testcase classname="tests.test_strategy" name="test_generate_signal_hold" time="0.006" /><testcase classname="tests.test_strategy_gate" name="test_strategy_gate_accepts_valid_result" time="58.045" /><testcase classname="tests.test_strategy_parameters" name="test_strategy_parameters_defaults" time="0.002" /><testcase classname="tests.test_strategy_parameters" name="test_strategy_parameters_to_dict" time="0.003" /><testcase classname="tests.test_trade_journal" name="test_save_trade_decision_writes_csv" time="0.013" /><testcase classname="tests.test_trade_journal" name="test_read_journal_returns_empty_list_for_missing_file" time="0.006" /><testcase classname="tests.test_two_week_paper_runner" name="test_live_mode_stops_immediately" time="0.009" /><testcase classname="tests.test_two_week_paper_runner" name="test_missing_credentials_stops_safely" time="0.009" /><testcase classname="tests.test_two_week_paper_runner" name="test_market_closed_skips_all_days" time="0.052" /><testcase classname="tests.test_two_week_paper_runner" name="test_daily_loss_limit_sets_review_required" time="0.028" /><testcase classname="tests.test_two_week_paper_runner" name="test_data_missing_skips_safely" time="0.044" /><testcase classname="tests.test_two_week_paper_runner" name="test_buy_signal_uses_existing_strategy_and_submits_at_most_one_per_day" time="0.137" /><testcase classname="tests.test_two_week_paper_runner" name="test_buy_signal_submits_real_paper_order_and_logs" time="0.034" /><testcase classname="tests.test_two_week_paper_runner" name="test_logs_exact_error_between_submission_enabled_and_submit_started" time="0.022" /><testcase classname="tests.test_two_week_paper_runner" name="test_no_more_than_three_submissions_per_day" time="0.078" /><testcase classname="tests.test_two_week_paper_runner" name="test_total_submitted_notional_cannot_exceed_thirty" time="0.026" /><testcase classname="tests.test_two_week_paper_runner" name="test_cooldown_is_enforced" time="0.039" /><testcase classname="tests.test_two_week_paper_runner" name="test_duplicate_signals_are_blocked" time="0.040" /><testcase classname="tests.test_two_week_paper_runner" name="test_redeployment_cannot_reset_daily_limits" time="0.075" /><testcase classname="tests.test_two_week_paper_runner" name="test_preflight_is_read_only_and_does_not_submit" time="0.029" /><testcase classname="tests.test_two_week_paper_runner" name="test_signal_diagnostics_buy_path" time="0.028" /><testcase classname="tests.test_two_week_paper_runner" name="test_signal_diagnostics_hold_path" time="0.023" /><testcase classname="tests.test_two_week_paper_runner" name="test_missing_data_blocks_trading_with_clear_reason" time="0.019" /><testcase classname="tests.test_two_week_paper_runner" name="test_stale_data_blocks_trading_with_clear_reason" time="0.022" /><testcase classname="tests.test_two_week_paper_runner" name="test_state_survives_new_runner_instance" time="0.041" /><testcase classname="tests.test_two_week_paper_runner" name="test_corrupted_state_blocks_trading_and_sets_review_required" time="0.015" /><testcase classname="tests.test_two_week_paper_runner" name="test_atomic_state_write_replaces_file" time="0.014" /><testcase classname="tests.test_two_week_paper_runner" name="test_missing_state_is_initialized_and_persisted_when_signal_not_buy" time="0.027" /><testcase classname="tests.test_two_week_paper_runner" name="test_next_runner_instance_loads_existing_state" time="0.039" /><testcase classname="tests.test_two_week_paper_runner" name="test_hold_runs_do_not_send_discord_alerts" time="0.029" /><testcase classname="tests.test_two_week_paper_runner" name="test_submitted_order_sends_single_order_submitted_alert" time="0.027" /><testcase classname="tests.test_two_week_paper_runner" name="test_discord_notification_failure_does_not_affect_trading" time="0.031" /><testcase classname="tests.test_walk_forward" name="test_walk_forward_returns_period_results" time="13.450" /></testsuite></testsuites>